app/build/intermediates/manifest_merge_blame_file/release/manifest-merger-blame-release-report.txt
1<?xml version="1.0" encoding="utf-8"?>
2<manifest xmlns:android="http://schemas.android.com/apk/res/android"
3    package="com.movieapp.tv"
4    android:versionCode="1"
5    android:versionName="1.0" >
6
7    <uses-sdk
8        android:minSdkVersion="21"
9        android:targetSdkVersion="34" />
10
11    <uses-permission android:name="android.permission.INTERNET" />
11-->src/main/AndroidManifest.xml:4:5-67
11-->src/main/AndroidManifest.xml:4:22-64
12    <uses-permission android:name="android.permission.ACCESS_NETWORK_STATE" />
12-->src/main/AndroidManifest.xml:5:5-79
12-->src/main/AndroidManifest.xml:5:22-76
13
14    <uses-feature
14-->src/main/AndroidManifest.xml:7:5-9:36
15        android:name="android.hardware.touchscreen"
15-->src/main/AndroidManifest.xml:8:9-52
16        android:required="false" />
16-->src/main/AndroidManifest.xml:9:9-33
17    <uses-feature
17-->src/main/AndroidManifest.xml:10:5-12:35
18        android:name="android.software.leanback"
18-->src/main/AndroidManifest.xml:11:9-49
19        android:required="true" />
19-->src/main/AndroidManifest.xml:12:9-32
20
21    <permission
21-->[androidx.core:core:1.12.0] AndroidManifest.xml:22:5-24:47
22        android:name="com.movieapp.tv.DYNAMIC_RECEIVER_NOT_EXPORTED_PERMISSION"
22-->[androidx.core:core:1.12.0] AndroidManifest.xml:23:9-81
23        android:protectionLevel="signature" />
23-->[androidx.core:core:1.12.0] AndroidManifest.xml:24:9-44
24
25    <uses-permission android:name="com.movieapp.tv.DYNAMIC_RECEIVER_NOT_EXPORTED_PERMISSION" />
25-->[androidx.core:core:1.12.0] AndroidManifest.xml:26:5-97
25-->[androidx.core:core:1.12.0] AndroidManifest.xml:26:22-94
26
27    <application
27-->src/main/AndroidManifest.xml:14:5-73:19
28        android:allowBackup="true"
28-->src/main/AndroidManifest.xml:15:9-35
29        android:appComponentFactory="androidx.core.app.CoreComponentFactory"
29-->[androidx.core:core:1.12.0] AndroidManifest.xml:28:18-86
30        android:banner="@drawable/tv_banner"
30-->src/main/AndroidManifest.xml:20:9-45
31        android:extractNativeLibs="true"
32        android:icon="@drawable/tv_banner"
32-->src/main/AndroidManifest.xml:16:9-43
33        android:label="@string/app_name"
33-->src/main/AndroidManifest.xml:17:9-41
34        android:supportsRtl="true"
34-->src/main/AndroidManifest.xml:18:9-35
35        android:theme="@style/Theme.Leanback" >
35-->src/main/AndroidManifest.xml:19:9-46
36        <activity
36-->src/main/AndroidManifest.xml:22:9-30:20
37            android:name="com.movieapp.tv.MainActivity"
37-->src/main/AndroidManifest.xml:23:13-41
38            android:exported="true"
38-->src/main/AndroidManifest.xml:24:13-36
39            android:screenOrientation="landscape" >
39-->src/main/AndroidManifest.xml:25:13-50
40            <intent-filter>
40-->src/main/AndroidManifest.xml:26:13-29:29
41                <action android:name="android.intent.action.MAIN" />
41-->src/main/AndroidManifest.xml:27:17-69
41-->src/main/AndroidManifest.xml:27:25-66
42
43                <category android:name="android.intent.category.LEANBACK_LAUNCHER" />
43-->src/main/AndroidManifest.xml:28:17-86
43-->src/main/AndroidManifest.xml:28:27-83
44            </intent-filter>
45        </activity>
46        <activity
46-->src/main/AndroidManifest.xml:32:9-35:53
47            android:name="com.movieapp.tv.DetailsActivity"
47-->src/main/AndroidManifest.xml:33:13-44
48            android:exported="false"
48-->src/main/AndroidManifest.xml:34:13-37
49            android:screenOrientation="landscape" />
49-->src/main/AndroidManifest.xml:35:13-50
50        <activity
50-->src/main/AndroidManifest.xml:37:9-40:53
51            android:name="com.movieapp.tv.LibraryActivity"
51-->src/main/AndroidManifest.xml:38:13-44
52            android:exported="false"
52-->src/main/AndroidManifest.xml:39:13-37
53            android:screenOrientation="landscape" />
53-->src/main/AndroidManifest.xml:40:13-50
54        <activity
54-->src/main/AndroidManifest.xml:42:9-45:53
55            android:name="com.movieapp.tv.SearchActivity"
55-->src/main/AndroidManifest.xml:43:13-43
56            android:exported="false"
56-->src/main/AndroidManifest.xml:44:13-37
57            android:screenOrientation="landscape" />
57-->src/main/AndroidManifest.xml:45:13-50
58        <activity
58-->src/main/AndroidManifest.xml:47:9-50:53
59            android:name="com.movieapp.tv.ProfileActivity"
59-->src/main/AndroidManifest.xml:48:13-44
60            android:exported="false"
60-->src/main/AndroidManifest.xml:49:13-37
61            android:screenOrientation="landscape" />
61-->src/main/AndroidManifest.xml:50:13-50
62        <activity
62-->src/main/AndroidManifest.xml:52:9-55:53
63            android:name="com.movieapp.tv.SettingsActivity"
63-->src/main/AndroidManifest.xml:53:13-45
64            android:exported="false"
64-->src/main/AndroidManifest.xml:54:13-37
65            android:screenOrientation="landscape" />
65-->src/main/AndroidManifest.xml:55:13-50
66        <activity
66-->src/main/AndroidManifest.xml:57:9-60:53
67            android:name="com.movieapp.tv.SeriesActivity"
67-->src/main/AndroidManifest.xml:58:13-43
68            android:exported="false"
68-->src/main/AndroidManifest.xml:59:13-37
69            android:screenOrientation="landscape" />
69-->src/main/AndroidManifest.xml:60:13-50
70        <activity
70-->src/main/AndroidManifest.xml:62:9-65:53
71            android:name="com.movieapp.tv.SeriesDetailsActivity"
71-->src/main/AndroidManifest.xml:63:13-50
72            android:exported="false"
72-->src/main/AndroidManifest.xml:64:13-37
73            android:screenOrientation="landscape" />
73-->src/main/AndroidManifest.xml:65:13-50
74        <activity
74-->src/main/AndroidManifest.xml:67:9-72:125
75            android:name="com.movieapp.tv.PlayerActivity"
75-->src/main/AndroidManifest.xml:68:13-43
76            android:configChanges="keyboard|keyboardHidden|orientation|screenSize|screenLayout|smallestScreenSize|uiMode"
76-->src/main/AndroidManifest.xml:72:13-122
77            android:exported="false"
77-->src/main/AndroidManifest.xml:69:13-37
78            android:screenOrientation="landscape"
78-->src/main/AndroidManifest.xml:70:13-50
79            android:theme="@style/Theme.Player" />
79-->src/main/AndroidManifest.xml:71:13-48
80
81        <provider
81-->[androidx.emoji2:emoji2:1.2.0] AndroidManifest.xml:24:9-32:20
82            android:name="androidx.startup.InitializationProvider"
82-->[androidx.emoji2:emoji2:1.2.0] AndroidManifest.xml:25:13-67
83            android:authorities="com.movieapp.tv.androidx-startup"
83-->[androidx.emoji2:emoji2:1.2.0] AndroidManifest.xml:26:13-68
84            android:exported="false" >
84-->[androidx.emoji2:emoji2:1.2.0] AndroidManifest.xml:27:13-37
85            <meta-data
85-->[androidx.emoji2:emoji2:1.2.0] AndroidManifest.xml:29:13-31:52
86                android:name="androidx.emoji2.text.EmojiCompatInitializer"
86-->[androidx.emoji2:emoji2:1.2.0] AndroidManifest.xml:30:17-75
87                android:value="androidx.startup" />
87-->[androidx.emoji2:emoji2:1.2.0] AndroidManifest.xml:31:17-49
88            <meta-data
88-->[androidx.lifecycle:lifecycle-process:2.7.0] AndroidManifest.xml:29:13-31:52
89                android:name="androidx.lifecycle.ProcessLifecycleInitializer"
89-->[androidx.lifecycle:lifecycle-process:2.7.0] AndroidManifest.xml:30:17-78
90                android:value="androidx.startup" />
90-->[androidx.lifecycle:lifecycle-process:2.7.0] AndroidManifest.xml:31:17-49
91            <meta-data
91-->[androidx.profileinstaller:profileinstaller:1.3.0] AndroidManifest.xml:29:13-31:52
92                android:name="androidx.profileinstaller.ProfileInstallerInitializer"
92-->[androidx.profileinstaller:profileinstaller:1.3.0] AndroidManifest.xml:30:17-85
93                android:value="androidx.startup" />
93-->[androidx.profileinstaller:profileinstaller:1.3.0] AndroidManifest.xml:31:17-49
94        </provider>
95
96        <receiver
96-->[androidx.profileinstaller:profileinstaller:1.3.0] AndroidManifest.xml:34:9-52:20
97            android:name="androidx.profileinstaller.ProfileInstallReceiver"
97-->[androidx.profileinstaller:profileinstaller:1.3.0] AndroidManifest.xml:35:13-76
98            android:directBootAware="false"
98-->[androidx.profileinstaller:profileinstaller:1.3.0] AndroidManifest.xml:36:13-44
99            android:enabled="true"
99-->[androidx.profileinstaller:profileinstaller:1.3.0] AndroidManifest.xml:37:13-35
100            android:exported="true"
100-->[androidx.profileinstaller:profileinstaller:1.3.0] AndroidManifest.xml:38:13-36
101            android:permission="android.permission.DUMP" >
101-->[androidx.profileinstaller:profileinstaller:1.3.0] AndroidManifest.xml:39:13-57
102            <intent-filter>
102-->[androidx.profileinstaller:profileinstaller:1.3.0] AndroidManifest.xml:40:13-42:29
103                <action android:name="androidx.profileinstaller.action.INSTALL_PROFILE" />
103-->[androidx.profileinstaller:profileinstaller:1.3.0] AndroidManifest.xml:41:17-91
103-->[androidx.profileinstaller:profileinstaller:1.3.0] AndroidManifest.xml:41:25-88
104            </intent-filter>
105            <intent-filter>
105-->[androidx.profileinstaller:profileinstaller:1.3.0] AndroidManifest.xml:43:13-45:29
106                <action android:name="androidx.profileinstaller.action.SKIP_FILE" />
106-->[androidx.profileinstaller:profileinstaller:1.3.0] AndroidManifest.xml:44:17-85
106-->[androidx.profileinstaller:profileinstaller:1.3.0] AndroidManifest.xml:44:25-82
107            </intent-filter>
108            <intent-filter>
108-->[androidx.profileinstaller:profileinstaller:1.3.0] AndroidManifest.xml:46:13-48:29
109                <action android:name="androidx.profileinstaller.action.SAVE_PROFILE" />
109-->[androidx.profileinstaller:profileinstaller:1.3.0] AndroidManifest.xml:47:17-88
109-->[androidx.profileinstaller:profileinstaller:1.3.0] AndroidManifest.xml:47:25-85
110            </intent-filter>
111            <intent-filter>
111-->[androidx.profileinstaller:profileinstaller:1.3.0] AndroidManifest.xml:49:13-51:29
112                <action android:name="androidx.profileinstaller.action.BENCHMARK_OPERATION" />
112-->[androidx.profileinstaller:profileinstaller:1.3.0] AndroidManifest.xml:50:17-95
112-->[androidx.profileinstaller:profileinstaller:1.3.0] AndroidManifest.xml:50:25-92
113            </intent-filter>
114        </receiver>
115    </application>
116
117</manifest>